<?xml version="1.0" encoding="UTF-8" standalone="no"?>
<testsuite failures="0" name="cucumber.runtime.formatter.JUnitFormatter" skipped="0" tests="1" time="17.772653">
<testcase classname="parabank login feature" name="test invalid login scenario" time="17.772653">
<system-out><![CDATA[Given user is on login page of parabank.....................................passed
When title of login page....................................................passed
Then user Enter the username and password...................................passed
Then user click on login button.............................................passed
Then close the browser......................................................passed
]]></system-out>
</testcase>
</testsuite>
