<?xml version="1.0" encoding="UTF-8"?>
<testng-results skipped="0" failed="0" ignored="0" total="1" passed="1">
  <reporter-output>
  </reporter-output>
  <suite name="Regression" duration-ms="8832" started-at="2022-04-29T14:08:41Z" finished-at="2022-04-29T14:08:49Z">
    <groups>
      <group name="cucumber">
        <method signature="AbstractTestNGCucumberTests.feature(cucumber.api.testng.CucumberFeatureWrapper)[pri:0, instance:MyRunner.TestRunner@17c74e5]" name="feature" class="cucumber.api.testng.AbstractTestNGCucumberTests"/>
      </group> <!-- cucumber -->
    </groups>
    <test name="Window" duration-ms="8832" started-at="2022-04-29T14:08:41Z" finished-at="2022-04-29T14:08:49Z">
      <class name="MyRunner.TestRunner">
        <test-method status="PASS" signature="setUpClass()[pri:0, instance:MyRunner.TestRunner@17c74e5]" name="setUpClass" is-config="true" duration-ms="184" started-at="2022-04-29T19:38:41Z" finished-at="2022-04-29T19:38:41Z">
          <reporter-output>
          </reporter-output>
        </test-method> <!-- setUpClass -->
        <test-method status="PASS" signature="feature(cucumber.api.testng.CucumberFeatureWrapper)[pri:0, instance:MyRunner.TestRunner@17c74e5]" name="feature" duration-ms="8579" started-at="2022-04-29T19:38:41Z" description="Runs Cucumber Feature" data-provider="features" finished-at="2022-04-29T19:38:49Z">
          <params>
            <param index="0">
              <value>
                <![CDATA[parabank login feature]]>
              </value>
            </param>
          </params>
          <reporter-output>
          </reporter-output>
        </test-method> <!-- feature -->
        <test-method status="PASS" signature="tearDownClass()[pri:0, instance:MyRunner.TestRunner@17c74e5]" name="tearDownClass" is-config="true" duration-ms="2" started-at="2022-04-29T19:38:49Z" finished-at="2022-04-29T19:38:49Z">
          <reporter-output>
          </reporter-output>
        </test-method> <!-- tearDownClass -->
      </class> <!-- MyRunner.TestRunner -->
    </test> <!-- Window -->
  </suite> <!-- Regression -->
</testng-results>
