<?xml version="1.0" encoding="UTF-8"?>
<testng-results skipped="0" failed="0" ignored="0" total="1" passed="1">
  <reporter-output>
  </reporter-output>
  <suite name="Regression" duration-ms="9544" started-at="2022-04-29T10:12:10 IST" finished-at="2022-04-29T10:12:20 IST">
    <groups>
      <group name="cucumber">
        <method signature="AbstractTestNGCucumberTests.feature(cucumber.api.testng.CucumberFeatureWrapper)[pri:0, instance:MyRunner.TestRunner@183da2e]" name="feature" class="cucumber.api.testng.AbstractTestNGCucumberTests"/>
      </group> <!-- cucumber -->
    </groups>
    <test name="Window" duration-ms="9544" started-at="2022-04-29T10:12:10 IST" finished-at="2022-04-29T10:12:20 IST">
      <class name="MyRunner.TestRunner">
        <test-method status="PASS" signature="setUpClass()[pri:0, instance:MyRunner.TestRunner@183da2e]" name="setUpClass" is-config="true" duration-ms="365" started-at="2022-04-29T10:12:10 IST" finished-at="2022-04-29T10:12:11 IST">
          <reporter-output>
          </reporter-output>
        </test-method> <!-- setUpClass -->
        <test-method status="PASS" signature="feature(cucumber.api.testng.CucumberFeatureWrapper)[pri:0, instance:MyRunner.TestRunner@183da2e]" name="feature" duration-ms="8973" started-at="2022-04-29T10:12:11 IST" description="Runs Cucumber Feature" data-provider="features" finished-at="2022-04-29T10:12:20 IST">
          <params>
            <param index="0">
              <value>
                <![CDATA[parabank login feature]]>
              </value>
            </param>
          </params>
          <reporter-output>
          </reporter-output>
        </test-method> <!-- feature -->
        <test-method status="PASS" signature="tearDownClass()[pri:0, instance:MyRunner.TestRunner@183da2e]" name="tearDownClass" is-config="true" duration-ms="8" started-at="2022-04-29T10:12:20 IST" finished-at="2022-04-29T10:12:20 IST">
          <reporter-output>
          </reporter-output>
        </test-method> <!-- tearDownClass -->
      </class> <!-- MyRunner.TestRunner -->
    </test> <!-- Window -->
  </suite> <!-- Regression -->
</testng-results>
